2025-03-20 12:22:42,530 ERROR: Exception on / [GET] [in C:\Users\21502\PycharmProjects\PythonProject3\.venv\Lib\site-packages\flask\app.py:875]
Traceback (most recent call last):
  File "C:\Users\21502\PycharmProjects\PythonProject3\.venv\Lib\site-packages\flask\app.py", line 1511, in wsgi_app
    response = self.full_dispatch_request()
  File "C:\Users\21502\PycharmProjects\PythonProject3\.venv\Lib\site-packages\flask\app.py", line 919, in full_dispatch_request
    rv = self.handle_user_exception(e)
  File "C:\Users\21502\PycharmProjects\PythonProject3\.venv\Lib\site-packages\flask\app.py", line 917, in full_dispatch_request
    rv = self.dispatch_request()
  File "C:\Users\21502\PycharmProjects\PythonProject3\.venv\Lib\site-packages\flask\app.py", line 902, in dispatch_request
    return self.ensure_sync(self.view_functions[rule.endpoint])(**view_args)  # type: ignore[no-any-return]
           ~~~~~~~~~~~~~~~~~~~~~~~~~~~~~~~~~~~~~~~~~~~~~~~~~~~~^^^^^^^^^^^^^
  File "C:\Users\21502\PycharmProjects\PythonProject3\Back-end.py", line 85, in index
    return render_template('index.html')  # 假设你有一个 index.html 文件
  File "C:\Users\21502\PycharmProjects\PythonProject3\.venv\Lib\site-packages\flask\templating.py", line 149, in render_template
    template = app.jinja_env.get_or_select_template(template_name_or_list)
  File "C:\Users\21502\PycharmProjects\PythonProject3\.venv\Lib\site-packages\jinja2\environment.py", line 1087, in get_or_select_template
    return self.get_template(template_name_or_list, parent, globals)
           ~~~~~~~~~~~~~~~~~^^^^^^^^^^^^^^^^^^^^^^^^^^^^^^^^^^^^^^^^
  File "C:\Users\21502\PycharmProjects\PythonProject3\.venv\Lib\site-packages\jinja2\environment.py", line 1016, in get_template
    return self._load_template(name, globals)
           ~~~~~~~~~~~~~~~~~~~^^^^^^^^^^^^^^^
  File "C:\Users\21502\PycharmProjects\PythonProject3\.venv\Lib\site-packages\jinja2\environment.py", line 975, in _load_template
    template = self.loader.load(self, name, self.make_globals(globals))
  File "C:\Users\21502\PycharmProjects\PythonProject3\.venv\Lib\site-packages\jinja2\loaders.py", line 126, in load
    source, filename, uptodate = self.get_source(environment, name)
                                 ~~~~~~~~~~~~~~~^^^^^^^^^^^^^^^^^^^
  File "C:\Users\21502\PycharmProjects\PythonProject3\.venv\Lib\site-packages\flask\templating.py", line 65, in get_source
    return self._get_source_fast(environment, template)
           ~~~~~~~~~~~~~~~~~~~~~^^^^^^^^^^^^^^^^^^^^^^^
  File "C:\Users\21502\PycharmProjects\PythonProject3\.venv\Lib\site-packages\flask\templating.py", line 99, in _get_source_fast
    raise TemplateNotFound(template)
jinja2.exceptions.TemplateNotFound: index.html
2025-03-20 12:23:22,640 ERROR: Exception on / [GET] [in C:\Users\21502\PycharmProjects\PythonProject3\.venv\Lib\site-packages\flask\app.py:875]
Traceback (most recent call last):
  File "C:\Users\21502\PycharmProjects\PythonProject3\.venv\Lib\site-packages\flask\app.py", line 1511, in wsgi_app
    response = self.full_dispatch_request()
  File "C:\Users\21502\PycharmProjects\PythonProject3\.venv\Lib\site-packages\flask\app.py", line 919, in full_dispatch_request
    rv = self.handle_user_exception(e)
  File "C:\Users\21502\PycharmProjects\PythonProject3\.venv\Lib\site-packages\flask\app.py", line 917, in full_dispatch_request
    rv = self.dispatch_request()
  File "C:\Users\21502\PycharmProjects\PythonProject3\.venv\Lib\site-packages\flask\app.py", line 902, in dispatch_request
    return self.ensure_sync(self.view_functions[rule.endpoint])(**view_args)  # type: ignore[no-any-return]
           ~~~~~~~~~~~~~~~~~~~~~~~~~~~~~~~~~~~~~~~~~~~~~~~~~~~~^^^^^^^^^^^^^
  File "C:\Users\21502\PycharmProjects\PythonProject3\Back-end.py", line 85, in index
    return render_template('index.html')  # 假设你有一个 index.html 文件
  File "C:\Users\21502\PycharmProjects\PythonProject3\.venv\Lib\site-packages\flask\templating.py", line 149, in render_template
    template = app.jinja_env.get_or_select_template(template_name_or_list)
  File "C:\Users\21502\PycharmProjects\PythonProject3\.venv\Lib\site-packages\jinja2\environment.py", line 1087, in get_or_select_template
    return self.get_template(template_name_or_list, parent, globals)
           ~~~~~~~~~~~~~~~~~^^^^^^^^^^^^^^^^^^^^^^^^^^^^^^^^^^^^^^^^
  File "C:\Users\21502\PycharmProjects\PythonProject3\.venv\Lib\site-packages\jinja2\environment.py", line 1016, in get_template
    return self._load_template(name, globals)
           ~~~~~~~~~~~~~~~~~~~^^^^^^^^^^^^^^^
  File "C:\Users\21502\PycharmProjects\PythonProject3\.venv\Lib\site-packages\jinja2\environment.py", line 975, in _load_template
    template = self.loader.load(self, name, self.make_globals(globals))
  File "C:\Users\21502\PycharmProjects\PythonProject3\.venv\Lib\site-packages\jinja2\loaders.py", line 126, in load
    source, filename, uptodate = self.get_source(environment, name)
                                 ~~~~~~~~~~~~~~~^^^^^^^^^^^^^^^^^^^
  File "C:\Users\21502\PycharmProjects\PythonProject3\.venv\Lib\site-packages\flask\templating.py", line 65, in get_source
    return self._get_source_fast(environment, template)
           ~~~~~~~~~~~~~~~~~~~~~^^^^^^^^^^^^^^^^^^^^^^^
  File "C:\Users\21502\PycharmProjects\PythonProject3\.venv\Lib\site-packages\flask\templating.py", line 99, in _get_source_fast
    raise TemplateNotFound(template)
jinja2.exceptions.TemplateNotFound: index.html
2025-04-02 21:44:38,668 ERROR: 提交注意力测验数据失败: string indices must be integers, not 'str' [in C:\Users\21502\PycharmProjects\PythonProject3\Back_end.py:224]
2025-04-02 21:44:38,972 ERROR: 提交注意力测验数据失败: string indices must be integers, not 'str' [in C:\Users\21502\PycharmProjects\PythonProject3\Back_end.py:224]
2025-04-02 21:44:39,287 ERROR: 提交注意力测验数据失败: string indices must be integers, not 'str' [in C:\Users\21502\PycharmProjects\PythonProject3\Back_end.py:224]
2025-04-02 21:44:39,554 ERROR: 提交注意力测验数据失败: string indices must be integers, not 'str' [in C:\Users\21502\PycharmProjects\PythonProject3\Back_end.py:224]
2025-04-02 21:44:39,827 ERROR: 提交注意力测验数据失败: string indices must be integers, not 'str' [in C:\Users\21502\PycharmProjects\PythonProject3\Back_end.py:224]
2025-04-02 21:44:40,261 ERROR: 提交注意力测验数据失败: string indices must be integers, not 'str' [in C:\Users\21502\PycharmProjects\PythonProject3\Back_end.py:224]
2025-04-02 21:44:40,573 ERROR: 提交注意力测验数据失败: string indices must be integers, not 'str' [in C:\Users\21502\PycharmProjects\PythonProject3\Back_end.py:224]
2025-04-02 21:44:40,903 ERROR: 提交注意力测验数据失败: string indices must be integers, not 'str' [in C:\Users\21502\PycharmProjects\PythonProject3\Back_end.py:224]
2025-04-02 21:44:43,963 ERROR: 提交注意力测验数据失败: string indices must be integers, not 'str' [in C:\Users\21502\PycharmProjects\PythonProject3\Back_end.py:224]
2025-04-02 21:44:44,318 ERROR: 提交注意力测验数据失败: string indices must be integers, not 'str' [in C:\Users\21502\PycharmProjects\PythonProject3\Back_end.py:224]
2025-04-02 21:44:44,629 ERROR: 提交注意力测验数据失败: string indices must be integers, not 'str' [in C:\Users\21502\PycharmProjects\PythonProject3\Back_end.py:224]
2025-04-02 21:44:44,928 ERROR: 提交注意力测验数据失败: string indices must be integers, not 'str' [in C:\Users\21502\PycharmProjects\PythonProject3\Back_end.py:224]
2025-04-02 21:44:45,225 ERROR: 提交注意力测验数据失败: string indices must be integers, not 'str' [in C:\Users\21502\PycharmProjects\PythonProject3\Back_end.py:224]
2025-04-02 21:44:45,560 ERROR: 提交注意力测验数据失败: string indices must be integers, not 'str' [in C:\Users\21502\PycharmProjects\PythonProject3\Back_end.py:224]
2025-04-02 21:44:45,845 ERROR: 提交注意力测验数据失败: string indices must be integers, not 'str' [in C:\Users\21502\PycharmProjects\PythonProject3\Back_end.py:224]
2025-04-02 21:44:46,138 ERROR: 提交注意力测验数据失败: string indices must be integers, not 'str' [in C:\Users\21502\PycharmProjects\PythonProject3\Back_end.py:224]
2025-04-02 21:44:46,496 ERROR: 提交注意力测验数据失败: string indices must be integers, not 'str' [in C:\Users\21502\PycharmProjects\PythonProject3\Back_end.py:224]
2025-04-02 21:44:46,818 ERROR: 提交注意力测验数据失败: string indices must be integers, not 'str' [in C:\Users\21502\PycharmProjects\PythonProject3\Back_end.py:224]
2025-04-02 21:44:47,176 ERROR: 提交注意力测验数据失败: string indices must be integers, not 'str' [in C:\Users\21502\PycharmProjects\PythonProject3\Back_end.py:224]
2025-04-02 21:44:47,646 ERROR: 提交注意力测验数据失败: string indices must be integers, not 'str' [in C:\Users\21502\PycharmProjects\PythonProject3\Back_end.py:224]
2025-04-02 21:44:47,987 ERROR: 提交注意力测验数据失败: string indices must be integers, not 'str' [in C:\Users\21502\PycharmProjects\PythonProject3\Back_end.py:224]
2025-04-02 21:44:48,297 ERROR: 提交注意力测验数据失败: string indices must be integers, not 'str' [in C:\Users\21502\PycharmProjects\PythonProject3\Back_end.py:224]
2025-04-02 21:44:48,638 ERROR: 提交注意力测验数据失败: string indices must be integers, not 'str' [in C:\Users\21502\PycharmProjects\PythonProject3\Back_end.py:224]
2025-04-02 21:44:48,970 ERROR: 提交注意力测验数据失败: string indices must be integers, not 'str' [in C:\Users\21502\PycharmProjects\PythonProject3\Back_end.py:224]
2025-04-02 21:44:49,304 ERROR: 提交注意力测验数据失败: string indices must be integers, not 'str' [in C:\Users\21502\PycharmProjects\PythonProject3\Back_end.py:224]
2025-04-02 21:44:49,647 ERROR: 提交注意力测验数据失败: string indices must be integers, not 'str' [in C:\Users\21502\PycharmProjects\PythonProject3\Back_end.py:224]
2025-04-02 21:44:49,961 ERROR: 提交注意力测验数据失败: string indices must be integers, not 'str' [in C:\Users\21502\PycharmProjects\PythonProject3\Back_end.py:224]
2025-04-02 21:44:50,294 ERROR: 提交注意力测验数据失败: string indices must be integers, not 'str' [in C:\Users\21502\PycharmProjects\PythonProject3\Back_end.py:224]
2025-04-02 21:44:52,796 ERROR: 提交注意力测验数据失败: string indices must be integers, not 'str' [in C:\Users\21502\PycharmProjects\PythonProject3\Back_end.py:224]
2025-04-02 21:44:53,187 ERROR: 提交注意力测验数据失败: string indices must be integers, not 'str' [in C:\Users\21502\PycharmProjects\PythonProject3\Back_end.py:224]
2025-04-02 21:44:53,532 ERROR: 提交注意力测验数据失败: string indices must be integers, not 'str' [in C:\Users\21502\PycharmProjects\PythonProject3\Back_end.py:224]
2025-04-02 21:44:53,849 ERROR: 提交注意力测验数据失败: string indices must be integers, not 'str' [in C:\Users\21502\PycharmProjects\PythonProject3\Back_end.py:224]
2025-04-02 21:44:54,166 ERROR: 提交注意力测验数据失败: string indices must be integers, not 'str' [in C:\Users\21502\PycharmProjects\PythonProject3\Back_end.py:224]
2025-04-02 21:44:54,520 ERROR: 提交注意力测验数据失败: string indices must be integers, not 'str' [in C:\Users\21502\PycharmProjects\PythonProject3\Back_end.py:224]
2025-04-02 21:44:54,841 ERROR: 提交注意力测验数据失败: string indices must be integers, not 'str' [in C:\Users\21502\PycharmProjects\PythonProject3\Back_end.py:224]
2025-04-02 21:44:55,182 ERROR: 提交注意力测验数据失败: string indices must be integers, not 'str' [in C:\Users\21502\PycharmProjects\PythonProject3\Back_end.py:224]
2025-04-02 21:44:55,515 ERROR: 提交注意力测验数据失败: string indices must be integers, not 'str' [in C:\Users\21502\PycharmProjects\PythonProject3\Back_end.py:224]
2025-04-02 21:44:55,852 ERROR: 提交注意力测验数据失败: string indices must be integers, not 'str' [in C:\Users\21502\PycharmProjects\PythonProject3\Back_end.py:224]
2025-04-02 21:44:56,186 ERROR: 提交注意力测验数据失败: string indices must be integers, not 'str' [in C:\Users\21502\PycharmProjects\PythonProject3\Back_end.py:224]
2025-04-02 21:44:56,521 ERROR: 提交注意力测验数据失败: string indices must be integers, not 'str' [in C:\Users\21502\PycharmProjects\PythonProject3\Back_end.py:224]
2025-04-02 21:44:56,875 ERROR: 提交注意力测验数据失败: string indices must be integers, not 'str' [in C:\Users\21502\PycharmProjects\PythonProject3\Back_end.py:224]
2025-04-02 21:44:57,238 ERROR: 提交注意力测验数据失败: string indices must be integers, not 'str' [in C:\Users\21502\PycharmProjects\PythonProject3\Back_end.py:224]
2025-04-02 21:44:57,604 ERROR: 提交注意力测验数据失败: string indices must be integers, not 'str' [in C:\Users\21502\PycharmProjects\PythonProject3\Back_end.py:224]
2025-04-02 21:44:57,956 ERROR: 提交注意力测验数据失败: string indices must be integers, not 'str' [in C:\Users\21502\PycharmProjects\PythonProject3\Back_end.py:224]
2025-04-02 21:44:58,320 ERROR: 提交注意力测验数据失败: string indices must be integers, not 'str' [in C:\Users\21502\PycharmProjects\PythonProject3\Back_end.py:224]
2025-04-02 21:44:58,684 ERROR: 提交注意力测验数据失败: string indices must be integers, not 'str' [in C:\Users\21502\PycharmProjects\PythonProject3\Back_end.py:224]
2025-04-02 21:44:59,044 ERROR: 提交注意力测验数据失败: string indices must be integers, not 'str' [in C:\Users\21502\PycharmProjects\PythonProject3\Back_end.py:224]
2025-04-02 21:44:59,398 ERROR: 提交注意力测验数据失败: string indices must be integers, not 'str' [in C:\Users\21502\PycharmProjects\PythonProject3\Back_end.py:224]
2025-04-02 21:45:01,270 ERROR: 提交注意力测验数据失败: string indices must be integers, not 'str' [in C:\Users\21502\PycharmProjects\PythonProject3\Back_end.py:224]
2025-04-02 21:45:01,562 ERROR: 提交注意力测验数据失败: string indices must be integers, not 'str' [in C:\Users\21502\PycharmProjects\PythonProject3\Back_end.py:224]
2025-04-02 21:45:01,892 ERROR: 提交注意力测验数据失败: string indices must be integers, not 'str' [in C:\Users\21502\PycharmProjects\PythonProject3\Back_end.py:224]
2025-04-02 21:45:02,204 ERROR: 提交注意力测验数据失败: string indices must be integers, not 'str' [in C:\Users\21502\PycharmProjects\PythonProject3\Back_end.py:224]
2025-04-02 21:45:02,550 ERROR: 提交注意力测验数据失败: string indices must be integers, not 'str' [in C:\Users\21502\PycharmProjects\PythonProject3\Back_end.py:224]
2025-04-02 21:45:02,851 ERROR: 提交注意力测验数据失败: string indices must be integers, not 'str' [in C:\Users\21502\PycharmProjects\PythonProject3\Back_end.py:224]
2025-04-02 21:45:03,168 ERROR: 提交注意力测验数据失败: string indices must be integers, not 'str' [in C:\Users\21502\PycharmProjects\PythonProject3\Back_end.py:224]
2025-04-02 21:45:03,651 ERROR: 提交注意力测验数据失败: string indices must be integers, not 'str' [in C:\Users\21502\PycharmProjects\PythonProject3\Back_end.py:224]
2025-04-02 21:45:04,005 ERROR: 提交注意力测验数据失败: string indices must be integers, not 'str' [in C:\Users\21502\PycharmProjects\PythonProject3\Back_end.py:224]
2025-04-02 21:45:04,364 ERROR: 提交注意力测验数据失败: string indices must be integers, not 'str' [in C:\Users\21502\PycharmProjects\PythonProject3\Back_end.py:224]
2025-04-02 21:45:05,201 ERROR: 提交注意力测验数据失败: string indices must be integers, not 'str' [in C:\Users\21502\PycharmProjects\PythonProject3\Back_end.py:224]
2025-04-02 21:45:05,544 ERROR: 提交注意力测验数据失败: string indices must be integers, not 'str' [in C:\Users\21502\PycharmProjects\PythonProject3\Back_end.py:224]
2025-04-02 21:45:05,863 ERROR: 提交注意力测验数据失败: string indices must be integers, not 'str' [in C:\Users\21502\PycharmProjects\PythonProject3\Back_end.py:224]
2025-04-02 21:45:06,205 ERROR: 提交注意力测验数据失败: string indices must be integers, not 'str' [in C:\Users\21502\PycharmProjects\PythonProject3\Back_end.py:224]
2025-04-02 21:45:06,543 ERROR: 提交注意力测验数据失败: string indices must be integers, not 'str' [in C:\Users\21502\PycharmProjects\PythonProject3\Back_end.py:224]
2025-04-02 21:45:06,879 ERROR: 提交注意力测验数据失败: string indices must be integers, not 'str' [in C:\Users\21502\PycharmProjects\PythonProject3\Back_end.py:224]
2025-04-02 21:45:07,223 ERROR: 提交注意力测验数据失败: string indices must be integers, not 'str' [in C:\Users\21502\PycharmProjects\PythonProject3\Back_end.py:224]
2025-04-02 21:45:07,594 ERROR: 提交注意力测验数据失败: string indices must be integers, not 'str' [in C:\Users\21502\PycharmProjects\PythonProject3\Back_end.py:224]
2025-04-02 21:45:07,958 ERROR: 提交注意力测验数据失败: string indices must be integers, not 'str' [in C:\Users\21502\PycharmProjects\PythonProject3\Back_end.py:224]
2025-04-02 21:45:08,315 ERROR: 提交注意力测验数据失败: string indices must be integers, not 'str' [in C:\Users\21502\PycharmProjects\PythonProject3\Back_end.py:224]
2025-04-02 21:45:16,551 ERROR: 提交注意力测验数据失败: string indices must be integers, not 'str' [in C:\Users\21502\PycharmProjects\PythonProject3\Back_end.py:224]
2025-04-02 21:45:16,818 ERROR: 提交注意力测验数据失败: string indices must be integers, not 'str' [in C:\Users\21502\PycharmProjects\PythonProject3\Back_end.py:224]
2025-04-02 21:45:17,153 ERROR: 提交注意力测验数据失败: string indices must be integers, not 'str' [in C:\Users\21502\PycharmProjects\PythonProject3\Back_end.py:224]
2025-04-02 21:45:17,487 ERROR: 提交注意力测验数据失败: string indices must be integers, not 'str' [in C:\Users\21502\PycharmProjects\PythonProject3\Back_end.py:224]
2025-04-02 21:45:17,817 ERROR: 提交注意力测验数据失败: string indices must be integers, not 'str' [in C:\Users\21502\PycharmProjects\PythonProject3\Back_end.py:224]
2025-04-02 21:45:18,251 ERROR: 提交注意力测验数据失败: string indices must be integers, not 'str' [in C:\Users\21502\PycharmProjects\PythonProject3\Back_end.py:224]
2025-04-02 21:45:18,574 ERROR: 提交注意力测验数据失败: string indices must be integers, not 'str' [in C:\Users\21502\PycharmProjects\PythonProject3\Back_end.py:224]
2025-04-02 21:45:18,917 ERROR: 提交注意力测验数据失败: string indices must be integers, not 'str' [in C:\Users\21502\PycharmProjects\PythonProject3\Back_end.py:224]
2025-04-02 21:45:19,275 ERROR: 提交注意力测验数据失败: string indices must be integers, not 'str' [in C:\Users\21502\PycharmProjects\PythonProject3\Back_end.py:224]
2025-04-02 21:45:19,613 ERROR: 提交注意力测验数据失败: string indices must be integers, not 'str' [in C:\Users\21502\PycharmProjects\PythonProject3\Back_end.py:224]
2025-04-02 21:45:19,928 ERROR: 提交注意力测验数据失败: string indices must be integers, not 'str' [in C:\Users\21502\PycharmProjects\PythonProject3\Back_end.py:224]
2025-04-02 21:45:20,256 ERROR: 提交注意力测验数据失败: string indices must be integers, not 'str' [in C:\Users\21502\PycharmProjects\PythonProject3\Back_end.py:224]
2025-04-02 21:45:20,688 ERROR: 提交注意力测验数据失败: string indices must be integers, not 'str' [in C:\Users\21502\PycharmProjects\PythonProject3\Back_end.py:224]
2025-04-02 21:45:21,034 ERROR: 提交注意力测验数据失败: string indices must be integers, not 'str' [in C:\Users\21502\PycharmProjects\PythonProject3\Back_end.py:224]
2025-04-02 21:45:21,398 ERROR: 提交注意力测验数据失败: string indices must be integers, not 'str' [in C:\Users\21502\PycharmProjects\PythonProject3\Back_end.py:224]
2025-04-02 21:45:21,714 ERROR: 提交注意力测验数据失败: string indices must be integers, not 'str' [in C:\Users\21502\PycharmProjects\PythonProject3\Back_end.py:224]
2025-04-02 21:45:22,049 ERROR: 提交注意力测验数据失败: string indices must be integers, not 'str' [in C:\Users\21502\PycharmProjects\PythonProject3\Back_end.py:224]
2025-04-02 21:45:22,373 ERROR: 提交注意力测验数据失败: string indices must be integers, not 'str' [in C:\Users\21502\PycharmProjects\PythonProject3\Back_end.py:224]
2025-04-02 21:45:22,826 ERROR: 提交注意力测验数据失败: string indices must be integers, not 'str' [in C:\Users\21502\PycharmProjects\PythonProject3\Back_end.py:224]
2025-04-02 21:45:23,161 ERROR: 提交注意力测验数据失败: string indices must be integers, not 'str' [in C:\Users\21502\PycharmProjects\PythonProject3\Back_end.py:224]
2025-04-02 21:45:25,493 ERROR: 提交注意力测验数据失败: string indices must be integers, not 'str' [in C:\Users\21502\PycharmProjects\PythonProject3\Back_end.py:224]
2025-04-02 21:45:25,768 ERROR: 提交注意力测验数据失败: string indices must be integers, not 'str' [in C:\Users\21502\PycharmProjects\PythonProject3\Back_end.py:224]
2025-04-02 21:45:26,112 ERROR: 提交注意力测验数据失败: string indices must be integers, not 'str' [in C:\Users\21502\PycharmProjects\PythonProject3\Back_end.py:224]
2025-04-02 21:45:26,424 ERROR: 提交注意力测验数据失败: string indices must be integers, not 'str' [in C:\Users\21502\PycharmProjects\PythonProject3\Back_end.py:224]
2025-04-02 21:45:26,755 ERROR: 提交注意力测验数据失败: string indices must be integers, not 'str' [in C:\Users\21502\PycharmProjects\PythonProject3\Back_end.py:224]
2025-04-02 21:45:27,049 ERROR: 提交注意力测验数据失败: string indices must be integers, not 'str' [in C:\Users\21502\PycharmProjects\PythonProject3\Back_end.py:224]
2025-04-02 21:45:27,357 ERROR: 提交注意力测验数据失败: string indices must be integers, not 'str' [in C:\Users\21502\PycharmProjects\PythonProject3\Back_end.py:224]
2025-04-02 21:45:27,804 ERROR: 提交注意力测验数据失败: string indices must be integers, not 'str' [in C:\Users\21502\PycharmProjects\PythonProject3\Back_end.py:224]
2025-04-02 21:45:28,126 ERROR: 提交注意力测验数据失败: string indices must be integers, not 'str' [in C:\Users\21502\PycharmProjects\PythonProject3\Back_end.py:224]
2025-04-02 21:45:28,413 ERROR: 提交注意力测验数据失败: string indices must be integers, not 'str' [in C:\Users\21502\PycharmProjects\PythonProject3\Back_end.py:224]
2025-04-02 21:45:28,743 ERROR: 提交注意力测验数据失败: string indices must be integers, not 'str' [in C:\Users\21502\PycharmProjects\PythonProject3\Back_end.py:224]
2025-04-02 21:45:29,103 ERROR: 提交注意力测验数据失败: string indices must be integers, not 'str' [in C:\Users\21502\PycharmProjects\PythonProject3\Back_end.py:224]
2025-04-02 21:45:29,400 ERROR: 提交注意力测验数据失败: string indices must be integers, not 'str' [in C:\Users\21502\PycharmProjects\PythonProject3\Back_end.py:224]
2025-04-02 21:45:29,871 ERROR: 提交注意力测验数据失败: string indices must be integers, not 'str' [in C:\Users\21502\PycharmProjects\PythonProject3\Back_end.py:224]
2025-04-02 21:45:30,189 ERROR: 提交注意力测验数据失败: string indices must be integers, not 'str' [in C:\Users\21502\PycharmProjects\PythonProject3\Back_end.py:224]
2025-04-02 21:45:30,495 ERROR: 提交注意力测验数据失败: string indices must be integers, not 'str' [in C:\Users\21502\PycharmProjects\PythonProject3\Back_end.py:224]
2025-04-02 21:45:30,814 ERROR: 提交注意力测验数据失败: string indices must be integers, not 'str' [in C:\Users\21502\PycharmProjects\PythonProject3\Back_end.py:224]
2025-04-02 21:45:31,123 ERROR: 提交注意力测验数据失败: string indices must be integers, not 'str' [in C:\Users\21502\PycharmProjects\PythonProject3\Back_end.py:224]
2025-04-02 21:45:31,431 ERROR: 提交注意力测验数据失败: string indices must be integers, not 'str' [in C:\Users\21502\PycharmProjects\PythonProject3\Back_end.py:224]
2025-04-02 21:45:31,738 ERROR: 提交注意力测验数据失败: string indices must be integers, not 'str' [in C:\Users\21502\PycharmProjects\PythonProject3\Back_end.py:224]
2025-04-02 21:45:33,309 ERROR: 提交注意力测验数据失败: string indices must be integers, not 'str' [in C:\Users\21502\PycharmProjects\PythonProject3\Back_end.py:224]
2025-04-02 21:45:33,752 ERROR: 提交注意力测验数据失败: string indices must be integers, not 'str' [in C:\Users\21502\PycharmProjects\PythonProject3\Back_end.py:224]
2025-04-02 21:45:34,063 ERROR: 提交注意力测验数据失败: string indices must be integers, not 'str' [in C:\Users\21502\PycharmProjects\PythonProject3\Back_end.py:224]
2025-04-02 21:45:34,384 ERROR: 提交注意力测验数据失败: string indices must be integers, not 'str' [in C:\Users\21502\PycharmProjects\PythonProject3\Back_end.py:224]
2025-04-02 21:45:34,716 ERROR: 提交注意力测验数据失败: string indices must be integers, not 'str' [in C:\Users\21502\PycharmProjects\PythonProject3\Back_end.py:224]
2025-04-02 21:45:35,051 ERROR: 提交注意力测验数据失败: string indices must be integers, not 'str' [in C:\Users\21502\PycharmProjects\PythonProject3\Back_end.py:224]
2025-04-02 21:45:35,378 ERROR: 提交注意力测验数据失败: string indices must be integers, not 'str' [in C:\Users\21502\PycharmProjects\PythonProject3\Back_end.py:224]
2025-04-02 21:45:35,691 ERROR: 提交注意力测验数据失败: string indices must be integers, not 'str' [in C:\Users\21502\PycharmProjects\PythonProject3\Back_end.py:224]
2025-04-02 21:45:36,007 ERROR: 提交注意力测验数据失败: string indices must be integers, not 'str' [in C:\Users\21502\PycharmProjects\PythonProject3\Back_end.py:224]
2025-04-02 21:45:36,333 ERROR: 提交注意力测验数据失败: string indices must be integers, not 'str' [in C:\Users\21502\PycharmProjects\PythonProject3\Back_end.py:224]
2025-04-02 21:45:36,657 ERROR: 提交注意力测验数据失败: string indices must be integers, not 'str' [in C:\Users\21502\PycharmProjects\PythonProject3\Back_end.py:224]
2025-04-02 21:45:37,009 ERROR: 提交注意力测验数据失败: string indices must be integers, not 'str' [in C:\Users\21502\PycharmProjects\PythonProject3\Back_end.py:224]
2025-04-02 21:45:37,318 ERROR: 提交注意力测验数据失败: string indices must be integers, not 'str' [in C:\Users\21502\PycharmProjects\PythonProject3\Back_end.py:224]
2025-04-02 21:45:37,612 ERROR: 提交注意力测验数据失败: string indices must be integers, not 'str' [in C:\Users\21502\PycharmProjects\PythonProject3\Back_end.py:224]
2025-04-02 21:45:37,959 ERROR: 提交注意力测验数据失败: string indices must be integers, not 'str' [in C:\Users\21502\PycharmProjects\PythonProject3\Back_end.py:224]
2025-04-02 21:45:38,277 ERROR: 提交注意力测验数据失败: string indices must be integers, not 'str' [in C:\Users\21502\PycharmProjects\PythonProject3\Back_end.py:224]
2025-04-02 21:45:38,589 ERROR: 提交注意力测验数据失败: string indices must be integers, not 'str' [in C:\Users\21502\PycharmProjects\PythonProject3\Back_end.py:224]
2025-04-02 21:45:38,914 ERROR: 提交注意力测验数据失败: string indices must be integers, not 'str' [in C:\Users\21502\PycharmProjects\PythonProject3\Back_end.py:224]
2025-04-02 21:45:39,271 ERROR: 提交注意力测验数据失败: string indices must be integers, not 'str' [in C:\Users\21502\PycharmProjects\PythonProject3\Back_end.py:224]
2025-04-02 21:45:39,628 ERROR: 提交注意力测验数据失败: string indices must be integers, not 'str' [in C:\Users\21502\PycharmProjects\PythonProject3\Back_end.py:224]
2025-04-02 21:45:47,115 ERROR: 提交注意力测验数据失败: string indices must be integers, not 'str' [in C:\Users\21502\PycharmProjects\PythonProject3\Back_end.py:224]
2025-04-02 21:45:47,401 ERROR: 提交注意力测验数据失败: string indices must be integers, not 'str' [in C:\Users\21502\PycharmProjects\PythonProject3\Back_end.py:224]
2025-04-02 21:45:47,775 ERROR: 提交注意力测验数据失败: string indices must be integers, not 'str' [in C:\Users\21502\PycharmProjects\PythonProject3\Back_end.py:224]
2025-04-02 21:45:48,135 ERROR: 提交注意力测验数据失败: string indices must be integers, not 'str' [in C:\Users\21502\PycharmProjects\PythonProject3\Back_end.py:224]
2025-04-02 21:45:48,499 ERROR: 提交注意力测验数据失败: string indices must be integers, not 'str' [in C:\Users\21502\PycharmProjects\PythonProject3\Back_end.py:224]
2025-04-02 21:45:48,977 ERROR: 提交注意力测验数据失败: string indices must be integers, not 'str' [in C:\Users\21502\PycharmProjects\PythonProject3\Back_end.py:224]
2025-04-02 21:45:49,323 ERROR: 提交注意力测验数据失败: string indices must be integers, not 'str' [in C:\Users\21502\PycharmProjects\PythonProject3\Back_end.py:224]
2025-04-02 21:45:49,649 ERROR: 提交注意力测验数据失败: string indices must be integers, not 'str' [in C:\Users\21502\PycharmProjects\PythonProject3\Back_end.py:224]
2025-04-02 21:45:49,998 ERROR: 提交注意力测验数据失败: string indices must be integers, not 'str' [in C:\Users\21502\PycharmProjects\PythonProject3\Back_end.py:224]
2025-04-02 21:45:50,343 ERROR: 提交注意力测验数据失败: string indices must be integers, not 'str' [in C:\Users\21502\PycharmProjects\PythonProject3\Back_end.py:224]
2025-04-02 21:45:50,689 ERROR: 提交注意力测验数据失败: string indices must be integers, not 'str' [in C:\Users\21502\PycharmProjects\PythonProject3\Back_end.py:224]
2025-04-02 21:45:50,990 ERROR: 提交注意力测验数据失败: string indices must be integers, not 'str' [in C:\Users\21502\PycharmProjects\PythonProject3\Back_end.py:224]
2025-04-02 21:45:51,318 ERROR: 提交注意力测验数据失败: string indices must be integers, not 'str' [in C:\Users\21502\PycharmProjects\PythonProject3\Back_end.py:224]
2025-04-02 21:45:51,662 ERROR: 提交注意力测验数据失败: string indices must be integers, not 'str' [in C:\Users\21502\PycharmProjects\PythonProject3\Back_end.py:224]
2025-04-02 21:45:51,996 ERROR: 提交注意力测验数据失败: string indices must be integers, not 'str' [in C:\Users\21502\PycharmProjects\PythonProject3\Back_end.py:224]
2025-04-02 21:45:52,359 ERROR: 提交注意力测验数据失败: string indices must be integers, not 'str' [in C:\Users\21502\PycharmProjects\PythonProject3\Back_end.py:224]
2025-04-02 21:45:52,712 ERROR: 提交注意力测验数据失败: string indices must be integers, not 'str' [in C:\Users\21502\PycharmProjects\PythonProject3\Back_end.py:224]
2025-04-02 21:45:53,080 ERROR: 提交注意力测验数据失败: string indices must be integers, not 'str' [in C:\Users\21502\PycharmProjects\PythonProject3\Back_end.py:224]
2025-04-02 21:45:53,385 ERROR: 提交注意力测验数据失败: string indices must be integers, not 'str' [in C:\Users\21502\PycharmProjects\PythonProject3\Back_end.py:224]
2025-04-02 21:45:53,725 ERROR: 提交注意力测验数据失败: string indices must be integers, not 'str' [in C:\Users\21502\PycharmProjects\PythonProject3\Back_end.py:224]
2025-04-02 21:45:56,029 ERROR: 提交注意力测验数据失败: string indices must be integers, not 'str' [in C:\Users\21502\PycharmProjects\PythonProject3\Back_end.py:224]
2025-04-02 21:45:56,471 ERROR: 提交注意力测验数据失败: string indices must be integers, not 'str' [in C:\Users\21502\PycharmProjects\PythonProject3\Back_end.py:224]
2025-04-02 21:45:56,812 ERROR: 提交注意力测验数据失败: string indices must be integers, not 'str' [in C:\Users\21502\PycharmProjects\PythonProject3\Back_end.py:224]
2025-04-02 21:45:57,149 ERROR: 提交注意力测验数据失败: string indices must be integers, not 'str' [in C:\Users\21502\PycharmProjects\PythonProject3\Back_end.py:224]
2025-04-02 21:45:57,521 ERROR: 提交注意力测验数据失败: string indices must be integers, not 'str' [in C:\Users\21502\PycharmProjects\PythonProject3\Back_end.py:224]
2025-04-02 21:45:57,856 ERROR: 提交注意力测验数据失败: string indices must be integers, not 'str' [in C:\Users\21502\PycharmProjects\PythonProject3\Back_end.py:224]
2025-04-02 21:45:58,214 ERROR: 提交注意力测验数据失败: string indices must be integers, not 'str' [in C:\Users\21502\PycharmProjects\PythonProject3\Back_end.py:224]
2025-04-02 21:45:58,532 ERROR: 提交注意力测验数据失败: string indices must be integers, not 'str' [in C:\Users\21502\PycharmProjects\PythonProject3\Back_end.py:224]
2025-04-02 21:45:58,898 ERROR: 提交注意力测验数据失败: string indices must be integers, not 'str' [in C:\Users\21502\PycharmProjects\PythonProject3\Back_end.py:224]
2025-04-02 21:45:59,203 ERROR: 提交注意力测验数据失败: string indices must be integers, not 'str' [in C:\Users\21502\PycharmProjects\PythonProject3\Back_end.py:224]
2025-04-02 21:45:59,512 ERROR: 提交注意力测验数据失败: string indices must be integers, not 'str' [in C:\Users\21502\PycharmProjects\PythonProject3\Back_end.py:224]
2025-04-02 21:45:59,890 ERROR: 提交注意力测验数据失败: string indices must be integers, not 'str' [in C:\Users\21502\PycharmProjects\PythonProject3\Back_end.py:224]
2025-04-02 21:46:00,380 ERROR: 提交注意力测验数据失败: string indices must be integers, not 'str' [in C:\Users\21502\PycharmProjects\PythonProject3\Back_end.py:224]
2025-04-02 21:46:00,766 ERROR: 提交注意力测验数据失败: string indices must be integers, not 'str' [in C:\Users\21502\PycharmProjects\PythonProject3\Back_end.py:224]
2025-04-02 21:46:01,077 ERROR: 提交注意力测验数据失败: string indices must be integers, not 'str' [in C:\Users\21502\PycharmProjects\PythonProject3\Back_end.py:224]
2025-04-02 21:46:01,598 ERROR: 提交注意力测验数据失败: string indices must be integers, not 'str' [in C:\Users\21502\PycharmProjects\PythonProject3\Back_end.py:224]
2025-04-02 21:46:01,975 ERROR: 提交注意力测验数据失败: string indices must be integers, not 'str' [in C:\Users\21502\PycharmProjects\PythonProject3\Back_end.py:224]
2025-04-02 21:46:02,382 ERROR: 提交注意力测验数据失败: string indices must be integers, not 'str' [in C:\Users\21502\PycharmProjects\PythonProject3\Back_end.py:224]
2025-04-02 21:46:02,777 ERROR: 提交注意力测验数据失败: string indices must be integers, not 'str' [in C:\Users\21502\PycharmProjects\PythonProject3\Back_end.py:224]
2025-04-02 21:46:03,134 ERROR: 提交注意力测验数据失败: string indices must be integers, not 'str' [in C:\Users\21502\PycharmProjects\PythonProject3\Back_end.py:224]
2025-04-02 21:46:06,559 ERROR: 提交注意力测验数据失败: string indices must be integers, not 'str' [in C:\Users\21502\PycharmProjects\PythonProject3\Back_end.py:224]
2025-04-02 21:46:06,911 ERROR: 提交注意力测验数据失败: string indices must be integers, not 'str' [in C:\Users\21502\PycharmProjects\PythonProject3\Back_end.py:224]
2025-04-02 21:46:07,280 ERROR: 提交注意力测验数据失败: string indices must be integers, not 'str' [in C:\Users\21502\PycharmProjects\PythonProject3\Back_end.py:224]
2025-04-02 21:46:07,643 ERROR: 提交注意力测验数据失败: string indices must be integers, not 'str' [in C:\Users\21502\PycharmProjects\PythonProject3\Back_end.py:224]
2025-04-02 21:46:08,015 ERROR: 提交注意力测验数据失败: string indices must be integers, not 'str' [in C:\Users\21502\PycharmProjects\PythonProject3\Back_end.py:224]
2025-04-02 21:46:08,393 ERROR: 提交注意力测验数据失败: string indices must be integers, not 'str' [in C:\Users\21502\PycharmProjects\PythonProject3\Back_end.py:224]
2025-04-02 21:46:08,766 ERROR: 提交注意力测验数据失败: string indices must be integers, not 'str' [in C:\Users\21502\PycharmProjects\PythonProject3\Back_end.py:224]
2025-04-02 21:46:09,247 ERROR: 提交注意力测验数据失败: string indices must be integers, not 'str' [in C:\Users\21502\PycharmProjects\PythonProject3\Back_end.py:224]
2025-04-02 21:46:09,629 ERROR: 提交注意力测验数据失败: string indices must be integers, not 'str' [in C:\Users\21502\PycharmProjects\PythonProject3\Back_end.py:224]
2025-04-02 21:46:10,017 ERROR: 提交注意力测验数据失败: string indices must be integers, not 'str' [in C:\Users\21502\PycharmProjects\PythonProject3\Back_end.py:224]
2025-04-02 21:46:10,571 ERROR: 提交注意力测验数据失败: string indices must be integers, not 'str' [in C:\Users\21502\PycharmProjects\PythonProject3\Back_end.py:224]
2025-04-02 21:46:10,938 ERROR: 提交注意力测验数据失败: string indices must be integers, not 'str' [in C:\Users\21502\PycharmProjects\PythonProject3\Back_end.py:224]
2025-04-02 21:46:11,307 ERROR: 提交注意力测验数据失败: string indices must be integers, not 'str' [in C:\Users\21502\PycharmProjects\PythonProject3\Back_end.py:224]
2025-04-02 21:46:11,661 ERROR: 提交注意力测验数据失败: string indices must be integers, not 'str' [in C:\Users\21502\PycharmProjects\PythonProject3\Back_end.py:224]
2025-04-02 21:46:12,100 ERROR: 提交注意力测验数据失败: string indices must be integers, not 'str' [in C:\Users\21502\PycharmProjects\PythonProject3\Back_end.py:224]
2025-04-02 21:46:12,533 ERROR: 提交注意力测验数据失败: string indices must be integers, not 'str' [in C:\Users\21502\PycharmProjects\PythonProject3\Back_end.py:224]
2025-04-02 21:46:13,028 ERROR: 提交注意力测验数据失败: string indices must be integers, not 'str' [in C:\Users\21502\PycharmProjects\PythonProject3\Back_end.py:224]
2025-04-02 21:46:13,267 ERROR: 提交注意力测验数据失败: string indices must be integers, not 'str' [in C:\Users\21502\PycharmProjects\PythonProject3\Back_end.py:224]
2025-04-02 21:46:13,721 ERROR: 提交注意力测验数据失败: string indices must be integers, not 'str' [in C:\Users\21502\PycharmProjects\PythonProject3\Back_end.py:224]
2025-04-02 21:46:14,070 ERROR: 提交注意力测验数据失败: string indices must be integers, not 'str' [in C:\Users\21502\PycharmProjects\PythonProject3\Back_end.py:224]
2025-04-02 23:03:48,032 ERROR: 提交注意力测验数据失败: string indices must be integers, not 'str' [in C:\Users\21502\PycharmProjects\PythonProject3\Back_end.py:224]
2025-04-02 23:03:48,884 ERROR: 提交注意力测验数据失败: string indices must be integers, not 'str' [in C:\Users\21502\PycharmProjects\PythonProject3\Back_end.py:224]
2025-04-02 23:03:49,769 ERROR: 提交注意力测验数据失败: string indices must be integers, not 'str' [in C:\Users\21502\PycharmProjects\PythonProject3\Back_end.py:224]
2025-04-02 23:03:50,592 ERROR: 提交注意力测验数据失败: string indices must be integers, not 'str' [in C:\Users\21502\PycharmProjects\PythonProject3\Back_end.py:224]
2025-04-02 23:03:51,418 ERROR: 提交注意力测验数据失败: string indices must be integers, not 'str' [in C:\Users\21502\PycharmProjects\PythonProject3\Back_end.py:224]
2025-04-02 23:03:51,911 ERROR: 提交注意力测验数据失败: string indices must be integers, not 'str' [in C:\Users\21502\PycharmProjects\PythonProject3\Back_end.py:224]
2025-04-02 23:03:52,579 ERROR: 提交注意力测验数据失败: string indices must be integers, not 'str' [in C:\Users\21502\PycharmProjects\PythonProject3\Back_end.py:224]
2025-04-02 23:03:53,467 ERROR: 提交注意力测验数据失败: string indices must be integers, not 'str' [in C:\Users\21502\PycharmProjects\PythonProject3\Back_end.py:224]
2025-04-03 11:29:49,536 ERROR: 提交注意力测验数据失败: string indices must be integers, not 'str' [in C:\Users\21502\PycharmProjects\PythonProject3\Back_end.py:224]
2025-04-03 11:29:50,094 ERROR: 提交注意力测验数据失败: string indices must be integers, not 'str' [in C:\Users\21502\PycharmProjects\PythonProject3\Back_end.py:224]
2025-04-03 11:29:50,523 ERROR: 提交注意力测验数据失败: string indices must be integers, not 'str' [in C:\Users\21502\PycharmProjects\PythonProject3\Back_end.py:224]
2025-04-03 11:29:50,934 ERROR: 提交注意力测验数据失败: string indices must be integers, not 'str' [in C:\Users\21502\PycharmProjects\PythonProject3\Back_end.py:224]
2025-04-03 11:29:51,271 ERROR: 提交注意力测验数据失败: string indices must be integers, not 'str' [in C:\Users\21502\PycharmProjects\PythonProject3\Back_end.py:224]
2025-04-03 11:29:51,564 ERROR: 提交注意力测验数据失败: string indices must be integers, not 'str' [in C:\Users\21502\PycharmProjects\PythonProject3\Back_end.py:224]
2025-04-03 11:29:52,153 ERROR: 提交注意力测验数据失败: string indices must be integers, not 'str' [in C:\Users\21502\PycharmProjects\PythonProject3\Back_end.py:224]
2025-04-03 11:29:52,535 ERROR: 提交注意力测验数据失败: string indices must be integers, not 'str' [in C:\Users\21502\PycharmProjects\PythonProject3\Back_end.py:224]
2025-04-03 11:36:13,052 ERROR: 提交注意力测验数据失败: string indices must be integers, not 'str' [in C:\Users\21502\PycharmProjects\PythonProject3\Back_end.py:224]
2025-04-03 11:36:13,927 ERROR: 提交注意力测验数据失败: string indices must be integers, not 'str' [in C:\Users\21502\PycharmProjects\PythonProject3\Back_end.py:224]
2025-04-03 11:36:14,802 ERROR: 提交注意力测验数据失败: string indices must be integers, not 'str' [in C:\Users\21502\PycharmProjects\PythonProject3\Back_end.py:224]
2025-04-03 11:36:15,516 ERROR: 提交注意力测验数据失败: string indices must be integers, not 'str' [in C:\Users\21502\PycharmProjects\PythonProject3\Back_end.py:224]
2025-04-03 11:36:16,418 ERROR: 提交注意力测验数据失败: string indices must be integers, not 'str' [in C:\Users\21502\PycharmProjects\PythonProject3\Back_end.py:224]
2025-04-03 11:36:17,167 ERROR: 提交注意力测验数据失败: string indices must be integers, not 'str' [in C:\Users\21502\PycharmProjects\PythonProject3\Back_end.py:224]
2025-04-03 11:36:18,051 ERROR: 提交注意力测验数据失败: string indices must be integers, not 'str' [in C:\Users\21502\PycharmProjects\PythonProject3\Back_end.py:224]
2025-04-03 11:36:18,765 ERROR: 提交注意力测验数据失败: string indices must be integers, not 'str' [in C:\Users\21502\PycharmProjects\PythonProject3\Back_end.py:224]
2025-04-03 11:52:52,005 INFO: 数据库已备份到 database.db.bak.20250403_115252 [in C:\Users\21502\PycharmProjects\PythonProject3\Back_end.py:56]
2025-04-03 11:52:52,007 INFO: 数据库已备份到 database2.db.bak.20250403_115252 [in C:\Users\21502\PycharmProjects\PythonProject3\Back_end.py:56]
2025-04-03 11:52:52,007 ERROR: 初始化实验数据库失败: incomplete input [in C:\Users\21502\PycharmProjects\PythonProject3\Back_end.py:108]
2025-04-03 17:26:46,158 ERROR: 提交注意力测验数据失败: string indices must be integers, not 'str' [in C:\Users\21502\PycharmProjects\PythonProject3\Back_end.py:224]
2025-04-03 17:26:46,829 ERROR: 提交注意力测验数据失败: string indices must be integers, not 'str' [in C:\Users\21502\PycharmProjects\PythonProject3\Back_end.py:224]
2025-04-03 17:26:47,737 ERROR: 提交注意力测验数据失败: string indices must be integers, not 'str' [in C:\Users\21502\PycharmProjects\PythonProject3\Back_end.py:224]
2025-04-03 17:26:48,593 ERROR: 提交注意力测验数据失败: string indices must be integers, not 'str' [in C:\Users\21502\PycharmProjects\PythonProject3\Back_end.py:224]
2025-04-03 17:26:49,109 ERROR: 提交注意力测验数据失败: string indices must be integers, not 'str' [in C:\Users\21502\PycharmProjects\PythonProject3\Back_end.py:224]
2025-04-03 17:26:49,958 ERROR: 提交注意力测验数据失败: string indices must be integers, not 'str' [in C:\Users\21502\PycharmProjects\PythonProject3\Back_end.py:224]
2025-04-03 17:26:50,659 ERROR: 提交注意力测验数据失败: string indices must be integers, not 'str' [in C:\Users\21502\PycharmProjects\PythonProject3\Back_end.py:224]
2025-04-03 17:26:51,231 ERROR: 提交注意力测验数据失败: string indices must be integers, not 'str' [in C:\Users\21502\PycharmProjects\PythonProject3\Back_end.py:224]
2025-04-03 17:26:55,264 ERROR: 提交注意力测验数据失败: string indices must be integers, not 'str' [in C:\Users\21502\PycharmProjects\PythonProject3\Back_end.py:224]
2025-04-03 17:26:55,887 ERROR: 提交注意力测验数据失败: string indices must be integers, not 'str' [in C:\Users\21502\PycharmProjects\PythonProject3\Back_end.py:224]
2025-04-03 17:26:56,706 ERROR: 提交注意力测验数据失败: string indices must be integers, not 'str' [in C:\Users\21502\PycharmProjects\PythonProject3\Back_end.py:224]
2025-04-03 17:26:56,999 ERROR: 提交注意力测验数据失败: string indices must be integers, not 'str' [in C:\Users\21502\PycharmProjects\PythonProject3\Back_end.py:224]
2025-04-03 17:26:57,379 ERROR: 提交注意力测验数据失败: string indices must be integers, not 'str' [in C:\Users\21502\PycharmProjects\PythonProject3\Back_end.py:224]
2025-04-03 17:26:57,754 ERROR: 提交注意力测验数据失败: string indices must be integers, not 'str' [in C:\Users\21502\PycharmProjects\PythonProject3\Back_end.py:224]
2025-04-03 17:26:58,071 ERROR: 提交注意力测验数据失败: string indices must be integers, not 'str' [in C:\Users\21502\PycharmProjects\PythonProject3\Back_end.py:224]
2025-04-03 17:26:58,373 ERROR: 提交注意力测验数据失败: string indices must be integers, not 'str' [in C:\Users\21502\PycharmProjects\PythonProject3\Back_end.py:224]
2025-04-03 17:26:59,222 ERROR: 提交注意力测验数据失败: string indices must be integers, not 'str' [in C:\Users\21502\PycharmProjects\PythonProject3\Back_end.py:224]
2025-04-03 17:26:59,561 ERROR: 提交注意力测验数据失败: string indices must be integers, not 'str' [in C:\Users\21502\PycharmProjects\PythonProject3\Back_end.py:224]
2025-04-03 17:26:59,922 ERROR: 提交注意力测验数据失败: string indices must be integers, not 'str' [in C:\Users\21502\PycharmProjects\PythonProject3\Back_end.py:224]
2025-04-03 17:27:00,259 ERROR: 提交注意力测验数据失败: string indices must be integers, not 'str' [in C:\Users\21502\PycharmProjects\PythonProject3\Back_end.py:224]
2025-04-03 17:27:00,629 ERROR: 提交注意力测验数据失败: string indices must be integers, not 'str' [in C:\Users\21502\PycharmProjects\PythonProject3\Back_end.py:224]
2025-04-03 17:27:00,988 ERROR: 提交注意力测验数据失败: string indices must be integers, not 'str' [in C:\Users\21502\PycharmProjects\PythonProject3\Back_end.py:224]
2025-04-03 17:27:01,338 ERROR: 提交注意力测验数据失败: string indices must be integers, not 'str' [in C:\Users\21502\PycharmProjects\PythonProject3\Back_end.py:224]
2025-04-03 17:27:02,182 ERROR: 提交注意力测验数据失败: string indices must be integers, not 'str' [in C:\Users\21502\PycharmProjects\PythonProject3\Back_end.py:224]
2025-04-03 17:27:02,564 ERROR: 提交注意力测验数据失败: string indices must be integers, not 'str' [in C:\Users\21502\PycharmProjects\PythonProject3\Back_end.py:224]
2025-04-03 17:27:02,921 ERROR: 提交注意力测验数据失败: string indices must be integers, not 'str' [in C:\Users\21502\PycharmProjects\PythonProject3\Back_end.py:224]
2025-04-03 17:27:03,283 ERROR: 提交注意力测验数据失败: string indices must be integers, not 'str' [in C:\Users\21502\PycharmProjects\PythonProject3\Back_end.py:224]
2025-04-03 17:27:03,628 ERROR: 提交注意力测验数据失败: string indices must be integers, not 'str' [in C:\Users\21502\PycharmProjects\PythonProject3\Back_end.py:224]
2025-04-03 17:27:08,745 ERROR: 提交注意力测验数据失败: string indices must be integers, not 'str' [in C:\Users\21502\PycharmProjects\PythonProject3\Back_end.py:224]
2025-04-03 17:27:09,217 ERROR: 提交注意力测验数据失败: string indices must be integers, not 'str' [in C:\Users\21502\PycharmProjects\PythonProject3\Back_end.py:224]
2025-04-03 17:27:09,547 ERROR: 提交注意力测验数据失败: string indices must be integers, not 'str' [in C:\Users\21502\PycharmProjects\PythonProject3\Back_end.py:224]
2025-04-03 17:27:09,939 ERROR: 提交注意力测验数据失败: string indices must be integers, not 'str' [in C:\Users\21502\PycharmProjects\PythonProject3\Back_end.py:224]
2025-04-03 17:27:10,786 ERROR: 提交注意力测验数据失败: string indices must be integers, not 'str' [in C:\Users\21502\PycharmProjects\PythonProject3\Back_end.py:224]
2025-04-03 17:27:11,645 ERROR: 提交注意力测验数据失败: string indices must be integers, not 'str' [in C:\Users\21502\PycharmProjects\PythonProject3\Back_end.py:224]
2025-04-03 17:27:12,521 ERROR: 提交注意力测验数据失败: string indices must be integers, not 'str' [in C:\Users\21502\PycharmProjects\PythonProject3\Back_end.py:224]
2025-04-03 17:27:13,376 ERROR: 提交注意力测验数据失败: string indices must be integers, not 'str' [in C:\Users\21502\PycharmProjects\PythonProject3\Back_end.py:224]
2025-04-03 17:27:14,235 ERROR: 提交注意力测验数据失败: string indices must be integers, not 'str' [in C:\Users\21502\PycharmProjects\PythonProject3\Back_end.py:224]
2025-04-03 17:27:15,134 ERROR: 提交注意力测验数据失败: string indices must be integers, not 'str' [in C:\Users\21502\PycharmProjects\PythonProject3\Back_end.py:224]
2025-04-03 17:27:15,968 ERROR: 提交注意力测验数据失败: string indices must be integers, not 'str' [in C:\Users\21502\PycharmProjects\PythonProject3\Back_end.py:224]
2025-04-03 17:27:16,827 ERROR: 提交注意力测验数据失败: string indices must be integers, not 'str' [in C:\Users\21502\PycharmProjects\PythonProject3\Back_end.py:224]
2025-04-03 17:27:17,635 ERROR: 提交注意力测验数据失败: string indices must be integers, not 'str' [in C:\Users\21502\PycharmProjects\PythonProject3\Back_end.py:224]
2025-04-03 17:27:18,451 ERROR: 提交注意力测验数据失败: string indices must be integers, not 'str' [in C:\Users\21502\PycharmProjects\PythonProject3\Back_end.py:224]
2025-04-03 17:27:19,344 ERROR: 提交注意力测验数据失败: string indices must be integers, not 'str' [in C:\Users\21502\PycharmProjects\PythonProject3\Back_end.py:224]
2025-04-03 17:27:20,151 ERROR: 提交注意力测验数据失败: string indices must be integers, not 'str' [in C:\Users\21502\PycharmProjects\PythonProject3\Back_end.py:224]
2025-04-03 17:27:20,999 ERROR: 提交注意力测验数据失败: string indices must be integers, not 'str' [in C:\Users\21502\PycharmProjects\PythonProject3\Back_end.py:224]
2025-04-03 17:27:21,850 ERROR: 提交注意力测验数据失败: string indices must be integers, not 'str' [in C:\Users\21502\PycharmProjects\PythonProject3\Back_end.py:224]
2025-04-03 17:27:22,717 ERROR: 提交注意力测验数据失败: string indices must be integers, not 'str' [in C:\Users\21502\PycharmProjects\PythonProject3\Back_end.py:224]
2025-04-03 17:27:23,561 ERROR: 提交注意力测验数据失败: string indices must be integers, not 'str' [in C:\Users\21502\PycharmProjects\PythonProject3\Back_end.py:224]
2025-04-03 17:29:48,035 ERROR: 提交注意力测验数据失败: string indices must be integers, not 'str' [in C:\Users\21502\PycharmProjects\PythonProject3\Back_end.py:224]
2025-04-03 17:29:48,607 ERROR: 提交注意力测验数据失败: string indices must be integers, not 'str' [in C:\Users\21502\PycharmProjects\PythonProject3\Back_end.py:224]
2025-04-03 17:29:49,419 ERROR: 提交注意力测验数据失败: string indices must be integers, not 'str' [in C:\Users\21502\PycharmProjects\PythonProject3\Back_end.py:224]
2025-04-03 17:29:49,939 ERROR: 提交注意力测验数据失败: string indices must be integers, not 'str' [in C:\Users\21502\PycharmProjects\PythonProject3\Back_end.py:224]
2025-04-03 17:29:50,784 ERROR: 提交注意力测验数据失败: string indices must be integers, not 'str' [in C:\Users\21502\PycharmProjects\PythonProject3\Back_end.py:224]
2025-04-03 17:29:51,344 ERROR: 提交注意力测验数据失败: string indices must be integers, not 'str' [in C:\Users\21502\PycharmProjects\PythonProject3\Back_end.py:224]
2025-04-03 17:29:51,594 ERROR: 提交注意力测验数据失败: string indices must be integers, not 'str' [in C:\Users\21502\PycharmProjects\PythonProject3\Back_end.py:224]
2025-04-03 17:29:51,915 ERROR: 提交注意力测验数据失败: string indices must be integers, not 'str' [in C:\Users\21502\PycharmProjects\PythonProject3\Back_end.py:224]
2025-04-03 17:45:50,226 ERROR: 提交实验数据失败: NOT NULL constraint failed: stroop_results.response [in C:\Users\21502\PycharmProjects\PythonProject3\Back_end.py:191]
2025-04-03 17:45:50,419 ERROR: 提交实验数据失败: NOT NULL constraint failed: stroop_results.response [in C:\Users\21502\PycharmProjects\PythonProject3\Back_end.py:191]
2025-04-03 17:45:50,735 ERROR: 提交实验数据失败: NOT NULL constraint failed: stroop_results.response [in C:\Users\21502\PycharmProjects\PythonProject3\Back_end.py:191]
2025-04-03 17:45:51,209 ERROR: 提交实验数据失败: NOT NULL constraint failed: stroop_results.response [in C:\Users\21502\PycharmProjects\PythonProject3\Back_end.py:191]
2025-04-03 17:53:18,270 ERROR: 提交实验数据失败: NOT NULL constraint failed: stroop_results.response [in C:\Users\21502\PycharmProjects\PythonProject3\Back_end.py:191]
2025-04-03 17:53:18,532 ERROR: 提交实验数据失败: NOT NULL constraint failed: stroop_results.response [in C:\Users\21502\PycharmProjects\PythonProject3\Back_end.py:191]
2025-04-03 17:53:18,534 ERROR: 提交实验数据失败: NOT NULL constraint failed: stroop_results.response [in C:\Users\21502\PycharmProjects\PythonProject3\Back_end.py:191]
2025-04-03 18:08:53,420 ERROR: 提交注意力测验数据失败: string indices must be integers, not 'str' [in C:\Users\21502\PycharmProjects\PythonProject3\Back_end.py:224]
2025-04-03 18:08:54,281 ERROR: 提交注意力测验数据失败: string indices must be integers, not 'str' [in C:\Users\21502\PycharmProjects\PythonProject3\Back_end.py:224]
2025-04-03 18:08:55,163 ERROR: 提交注意力测验数据失败: string indices must be integers, not 'str' [in C:\Users\21502\PycharmProjects\PythonProject3\Back_end.py:224]
2025-04-03 18:08:56,016 ERROR: 提交注意力测验数据失败: string indices must be integers, not 'str' [in C:\Users\21502\PycharmProjects\PythonProject3\Back_end.py:224]
2025-04-03 18:08:56,841 ERROR: 提交注意力测验数据失败: string indices must be integers, not 'str' [in C:\Users\21502\PycharmProjects\PythonProject3\Back_end.py:224]
